<?xml version="1.0" encoding="UTF-8"?>
<!-- Generated by org.testng.reporters.JUnitXMLReporter -->
<testsuite hostname="Rahul-Sinha.local" ignored="0" name="Surefire test" tests="1" failures="0" timestamp="2021-10-08T13:05:24 HKT" time="0.097" errors="0">
  <testcase name="@BeforeClass setUpCucumber" time="0.073" classname="Runner.TestRunner">
    <failure type="java.lang.NoClassDefFoundError" message="io/cucumber/stepexpression/TypeRegistry">
      <![CDATA[java.lang.NoClassDefFoundError: io/cucumber/stepexpression/TypeRegistry
at java.lang.Class.getDeclaredConstructors0(Native Method)
at java.lang.Class.privateGetDeclaredConstructors(Class.java:2671)
at java.lang.Class.getConstructor0(Class.java:3075)
at java.lang.Class.getConstructor(Class.java:1825)
at cucumber.runtime.Reflections.hasConstructor(Reflections.java:53)
at cucumber.runtime.Reflections.instantiateSubclasses(Reflections.java:29)
at cucumber.runtime.Runtime.loadBackends(Runtime.java:99)
at cucumber.runtime.Runtime.<init>(Runtime.java:66)
at cucumber.api.testng.TestNGCucumberRunner.<init>(TestNGCucumberRunner.java:42)
at Runner.TestRunner.setUpCucumber(TestRunner.java:24)
at java.util.ArrayList.forEach(ArrayList.java:1257)
Caused by: java.lang.ClassNotFoundException: io.cucumber.stepexpression.TypeRegistry
at java.net.URLClassLoader.findClass(URLClassLoader.java:382)
at java.lang.ClassLoader.loadClass(ClassLoader.java:418)
at sun.misc.Launcher$AppClassLoader.loadClass(Launcher.java:352)
at java.lang.ClassLoader.loadClass(ClassLoader.java:351)
... 41 more
... Removed 30 stack frames]]>
    </failure>
  </testcase> <!-- @BeforeClass setUpCucumber -->
  <testcase name="@AfterClass tearDownClass" time="0.0" classname="Runner.TestRunner">
    <failure type="java.lang.NullPointerException">
      <![CDATA[java.lang.NullPointerException
at Runner.TestRunner.tearDownClass(TestRunner.java:38)
at java.util.ArrayList.forEach(ArrayList.java:1257)
... Removed 30 stack frames]]>
    </failure>
  </testcase> <!-- @AfterClass tearDownClass -->
  <testcase name="feature" time="0.0" classname="Runner.TestRunner">
    <skipped/>
  </testcase> <!-- feature -->
</testsuite> <!-- Surefire test -->
